<?xml version="1.0" encoding="UTF-8"?>
<!-- Generated by org.testng.reporters.JUnitXMLReporter -->
<testsuite hostname="SEC35221" name="Babbel" tests="1" failures="1" timestamp="3 Sep 2020 07:58:23 GMT" time="64.388" errors="0">
  <testcase name="Validation_Of_HomePage_Search" time="60.02" classname="testscripts.Tests">
    <failure type="java.lang.AssertionError" message="|| Actual Result: Search result verification failed ||  expected [Actual Result: Search result verification failed] but found []">
      <![CDATA[java.lang.AssertionError: || Actual Result: Search result verification failed ||  expected [Actual Result: Search result verification failed] but found []
	at test.Core.Action.AssertFail(Action.java:537)
	at pageObjects.SearchPage.VerifySearchResult(SearchPage.java:33)
	at testscripts.Tests.Validation_Of_HomePage_Search(Tests.java:33)
... Removed 28 stack frames]]>
    </failure>
  </testcase> <!-- Validation_Of_HomePage_Search -->
</testsuite> <!-- Babbel -->
