<?xml version="1.0" encoding="UTF-8"?>
<!-- Generated by org.testng.reporters.JUnitXMLReporter -->
<testsuite hostname="SEC35221" name="Test" tests="2" failures="2" timestamp="2 Sep 2020 20:06:27 GMT" time="73.984" errors="0">
  <testcase name="Validation_Of_ContactUs_Send_Message" time="7.984" classname="testscripts.Tests">
    <failure type="java.lang.NullPointerException">
      <![CDATA[java.lang.NullPointerException
	at org.openqa.selenium.support.ui.ExpectedConditions.elementIfVisible(ExpectedConditions.java:302)
	at org.openqa.selenium.support.ui.ExpectedConditions.access$1(ExpectedConditions.java:301)
	at org.openqa.selenium.support.ui.ExpectedConditions$7.apply(ExpectedConditions.java:205)
	at org.openqa.selenium.support.ui.ExpectedConditions$7.apply(ExpectedConditions.java:1)
	at org.openqa.selenium.support.ui.FluentWait.until(FluentWait.java:238)
	at test.Core.Action.FindElement(Action.java:469)
	at test.Core.Action.Click(Action.java:148)
	at pageObjects.HomePage.NavigatetoContact(HomePage.java:73)
	at testscripts.Tests.Validation_Of_ContactUs_Send_Message(Tests.java:56)
... Removed 24 stack frames]]>
    </failure>
  </testcase> <!-- Validation_Of_ContactUs_Send_Message -->
  <testcase name="Validation_Of_HomePage_Search" time="60.602" classname="testscripts.Tests">
    <failure type="java.lang.NullPointerException">
      <![CDATA[java.lang.NullPointerException
	at test.Core.Log.Info(Log.java:216)
	at test.Core.Action.AssertFail(Action.java:535)
	at test.Core.Action.FindElement(Action.java:500)
	at test.Core.Action.enterText(Action.java:116)
	at pageObjects.HomePage.Search(HomePage.java:87)
	at testscripts.Tests.Validation_Of_HomePage_Search(Tests.java:30)
... Removed 24 stack frames]]>
    </failure>
  </testcase> <!-- Validation_Of_HomePage_Search -->
</testsuite> <!-- Test -->
